生成启动时间为 2013/5/16 星期四 18:19:32。
     1>项目“D:\编程\C++\地图编辑器\Game2012\PPT2012\PPT2012.vcxproj”在节点 2 上(build 个目标)。
     1>InitializeBuildStatus:
         正在创建“Debug\PPT2012.unsuccessfulbuild”，因为已指定“AlwaysCreate”。
       ClCompile:
         所有输出均为最新。
         所有输出均为最新。
       ResourceCompile:
         所有输出均为最新。
       Link:
         所有输出均为最新。
         PPT2012.vcxproj -> D:\编程\C++\地图编辑器\Game2012\Debug\PPT2012.exe
       Manifest:
         C:\Program Files (x86)\Microsoft SDKs\Windows\v7.0A\bin\mt.exe /nologo /verbose /out:"D:\编程\C++\地图编辑器\Game2012\Debug\PPT2012.exe.manifest" /manifest Debug\PPT2012.exe.intermediate.manifest "C:\Program Files (x86)\Microsoft Visual Studio 10.0\VC\Include\Manifest\dpiaware.manifest"
       FinalizeBuildStatus:
         正在删除文件“Debug\PPT2012.unsuccessfulbuild”。
         正在对“Debug\PPT2012.lastbuildstate”执行 Touch 任务。
     1>已完成生成项目“D:\编程\C++\地图编辑器\Game2012\PPT2012\PPT2012.vcxproj”(build 个目标)的操作。

生成成功。

已用时间 00:00:00.39
