0 : Init GDI...[Zephyr3 - Debug] 
1 : >>>create sprite 0x3fe5040<<<[Zephyr3 - Debug] 
2 : init OK![Zephyr3 - Debug] 
3 : >>>>>>>>>>LoadSprite pic\TownGround.bmp 0x5f1ef1cb[Zephyr3 - Debug] 
4 : >>>create sprite 0x3f4d3e8<<<[Zephyr3 - Debug] 
5 : >>>>>>>>>>LoadSprite pic\TownGround.bmp insert. 0x3f4d3e8[Zephyr3 - Debug] 
6 : >>>>>>>>>>LoadSprite pic\new.bmp 0x5f1ef1cb[Zephyr3 - Debug] 
7 : >>>create sprite 0x3f52df8<<<[Zephyr3 - Debug] 
8 : >>>>>>>>>>LoadSprite pic\new.bmp insert. 0x3f52df8[Zephyr3 - Debug] 
9 : >>>>>>>>>>LoadSprite pic\fengche.bmp 0x5f1ef1cb[Zephyr3 - Debug] 
10 : >>>create sprite 0x3f5d870<<<[Zephyr3 - Debug] 
11 : >>>>>>>>>>LoadSprite pic\fengche.bmp insert. 0x3f5d870[Zephyr3 - Debug] 
12 : >>>>>>>>>>LoadSprite pic\Role1.bmp 0x5f1ef1cb[Zephyr3 - Debug] 
13 : >>>create sprite 0x3f72eb0<<<[Zephyr3 - Debug] 
14 : >>>>>>>>>>LoadSprite pic\Role1.bmp insert. 0x3f72eb0[Zephyr3 - Debug] 
15 : >>>release sprite 0x3fe5040<<<[Zephyr3 - Debug] 
16 : Release Back Screen[Zephyr3 - Debug] 
17 : >>>ZSpriteManager::Release sprite 0x3f4d3e8<<<[Zephyr3 - Debug] 
18 : >>>>>>>>>>ReleaseSprite pic\TownGround.bmp 0x3f4d3e8[Zephyr3 - Debug] 
19 : >>>>>>>>>>ReleaseSprite namelist pic\TownGround.bmp 0x3f4d3e8[Zephyr3 - Debug] 
20 : >>>release sprite 0x3f4d3e8<<<[Zephyr3 - Debug] 
